0.0618244	0.0645252	0.766495	0.0514526	0.0557956	0.719249	-0.0103718	-0.00872964	-0.047246	0.0491524	3.84438e-05	0
0.0598006	0.0568008	0.750458	0.0518778	0.0545967	0.718566	-0.00792285	-0.00220408	-0.0318928	0.032936	3.29894e-05	0
0.061958	0.0653156	0.766985	0.0518778	0.0545967	0.718566	-0.0100802	-0.0107189	-0.0484191	0.0506055	4.7429e-05	0
0.0622238	0.0659298	0.767626	0.0545517	0.0576018	0.720226	-0.00767207	-0.00832793	-0.0473999	0.0487336	4.50935e-05	1
0.0621542	0.0658705	0.76716	0.04809	0.0559588	0.719226	-0.0140642	-0.00991171	-0.0479338	0.0509283	3.42141e-05	0
0.0599891	0.056599	0.750732	0.0507907	0.0561797	0.719304	-0.00919844	-0.000419247	-0.0314286	0.0327497	3.28773e-05	0
0.0598023	0.0567104	0.750505	0.0507907	0.0561797	0.719304	-0.00901162	-0.000530681	-0.0312012	0.0324809	3.36044e-05	0
0.0620786	0.0655458	0.766768	0.0500912	0.0564433	0.719634	-0.0119874	-0.00910259	-0.0471346	0.0494795	2.95146e-05	0
0.0600866	0.0564682	0.750793	0.0500912	0.0564433	0.719634	-0.00999542	-2.49805e-05	-0.0311589	0.0327229	3.5066e-05	0
0.0623332	0.0652149	0.767608	0.0541565	0.060195	0.720003	-0.00817668	-0.00501994	-0.0476043	0.0485616	3.43431e-05	1
0.0591924	0.0554065	0.747228	0.0541565	0.060195	0.720003	-0.00503588	0.00478844	-0.0272242	0.0280971	4.09966e-05	1
0.0620756	0.0658447	0.767394	0.0541565	0.060195	0.720003	-0.00791902	-0.00564977	-0.0473903	0.0483784	4.36296e-05	0
0.0596005	0.0568351	0.750475	0.0544811	0.057938	0.720145	-0.00511944	0.00110292	-0.0303294	0.0307782	4.27227e-05	1
0.0620266	0.0657316	0.767189	0.0545412	0.0604144	0.71965	-0.00748543	-0.00531723	-0.0475396	0.0484182	3.41188e-05	1
0.0621492	0.0652645	0.766243	0.0545412	0.0604144	0.71965	-0.007608	-0.00485017	-0.0465937	0.0474592	3.61477e-05	0
0.0628331	0.0662933	0.768344	0.0496783	0.0565056	0.718997	-0.0131548	-0.00978766	-0.0493467	0.0519994	3.51222e-05	0
0.0623794	0.0664204	0.767565	0.0486296	0.0559154	0.719252	-0.0137498	-0.010505	-0.0483135	0.0513187	2.89743e-05	0
0.0594533	0.055787	0.747985	0.0486296	0.0559154	0.719252	-0.0108237	0.0001284	-0.0287334	0.0307047	3.86746e-05	0
0.0623517	0.0652475	0.767087	0.0486296	0.0559154	0.719252	-0.0137221	-0.0093321	-0.0478352	0.0506319	4.32567e-05	0
0.0620681	0.0651273	0.766799	0.0508939	0.0565156	0.717907	-0.0111742	-0.00861168	-0.0488922	0.0508869	3.79777e-05	0
0.0594757	0.0555837	0.747664	0.0508939	0.0565156	0.717907	-0.0085818	0.000931859	-0.0297566	0.0309834	4.50499e-05	0
0.0595722	0.0562122	0.749248	0.0507406	0.0569862	0.717319	-0.00883156	0.000774046	-0.0319295	0.0331375	3.36197e-05	0
0.0591661	0.0553576	0.746731	0.0507406	0.0569862	0.717319	-0.00842549	0.00162865	-0.029412	0.0306383	4.6438e-05	1
0.0596756	0.056353	0.749803	0.0507645	0.0557471	0.717859	-0.00891111	-0.000605931	-0.0319435	0.0331687	4.41366e-05	0
0.0595373	0.0558447	0.748817	0.0494073	0.0547501	0.721257	-0.01013	-0.00109464	-0.0275599	0.0293831	3.51832e-05	0
0.0616353	0.0652467	0.766286	0.0497454	0.0564251	0.719544	-0.0118899	-0.0088216	-0.0467427	0.0490314	2.75065e-05	0
0.059612	0.0571285	0.751226	0.0497454	0.0564251	0.719544	-0.00986657	-0.000703376	-0.0316823	0.0331905	3.89111e-05	1
0.0596993	0.0566457	0.750216	0.0500347	0.0557467	0.719454	-0.00966464	-0.000898965	-0.0307618	0.0322568	3.16337e-05	0
0.0620565	0.0658013	0.766954	0.0500347	0.0557467	0.719454	-0.0120218	-0.0100546	-0.0474998	0.0500185	3.77256e-05	0
0.0621752	0.0657968	0.767634	0.0500347	0.0557467	0.719454	-0.0121406	-0.0100501	-0.0481795	0.0506919	4.25668e-05	1
0.0616733	0.0658271	0.766104	0.0500347	0.0557467	0.719454	-0.0116387	-0.0100804	-0.0466501	0.0491254	4.63299e-05	1
0.0594477	0.0557816	0.748107	0.0497707	0.0540783	0.71913	-0.00967695	-0.00170324	-0.0289776	0.0305981	3.92091e-05	0
0.0595536	0.0561088	0.74886	0.0506099	0.0559257	0.719097	-0.00894368	-0.000183052	-0.0297638	0.031079	3.40014e-05	0
0.0621964	0.0657766	0.767195	0.0488397	0.055511	0.719439	-0.0133568	-0.0102656	-0.0477555	0.0506396	2.85833e-05	0
0.0623505	0.0656981	0.767378	0.0488397	0.055511	0.719439	-0.0135108	-0.0101871	-0.0479389	0.0508376	3.63602e-05	0
0.0592762	0.0571833	0.751774	0.0502459	0.0571574	0.719504	-0.00903031	-2.59818e-05	-0.0322706	0.0335103	3.18929e-05	0
0.058752	0.0555253	0.746634	0.0502459	0.0571574	0.719504	-0.00850609	0.00163205	-0.0271305	0.0284795	4.13491e-05	1
0.0586121	0.0551053	0.745423	0.0512737	0.0548199	0.717945	-0.00733847	-0.000285318	-0.0274774	0.0284419	3.86735e-05	0
0.0588795	0.0560371	0.748251	0.0502263	0.0547986	0.718105	-0.0086532	-0.00123849	-0.0301458	0.0313876	3.63332e-05	0
0.0592639	0.0568306	0.749804	0.0496016	0.0558243	0.718319	-0.00966229	-0.00100623	-0.0314844	0.0329491	3.57185e-05	0
0.0620708	0.0665946	0.76756	0.0501182	0.0558795	0.719545	-0.0119526	-0.0107151	-0.0480154	0.0506276	2.55248e-05	0
0.0622319	0.0665118	0.768182	0.0501182	0.0558795	0.719545	-0.0121136	-0.0106324	-0.0486374	0.0512385	4.0785e-05	1
0.0597025	0.0579086	0.752516	0.0509791	0.0556725	0.717844	-0.00872335	-0.00223603	-0.0346716	0.0358221	3.71978e-05	0
0.059098	0.0557249	0.747644	0.0542182	0.059516	0.719525	-0.00487975	0.0037911	-0.0281186	0.0287896	3.7099e-05	1
0.0593686	0.0568286	0.75069	0.0542182	0.059516	0.719525	-0.00515034	0.00268736	-0.0311648	0.0317017	4.25749e-05	1
0.0590878	0.0553634	0.747003	0.049097	0.0562239	0.718927	-0.00999084	0.000860488	-0.0280759	0.0298129	3.08832e-05	0
0.0589764	0.0555438	0.747446	0.0493269	0.0556909	0.719525	-0.00964958	0.00014707	-0.0279209	0.0295417	2.76867e-05	0
0.0593276	0.0565229	0.749995	0.0493269	0.0556909	0.719525	-0.0100008	-0.000832057	-0.0304699	0.0320799	3.13041e-05	0
0.0593874	0.05625	0.749365	0.0493269	0.0556909	0.719525	-0.0100605	-0.00055917	-0.0298406	0.0314958	3.55894e-05	0
0.0592326	0.0561798	0.748917	0.0493269	0.0556909	0.719525	-0.00990571	-0.000488902	-0.0293924	0.0310206	3.88567e-05	1
0.0590918	0.0557193	0.747482	0.05442	0.0588198	0.718891	-0.00467181	0.00310056	-0.0285905	0.0291352	3.57984e-05	1
0.0594292	0.0568033	0.75038	0.0482625	0.054961	0.719892	-0.0111667	-0.00184231	-0.0304882	0.032521	3.34329e-05	0
0.0594199	0.0567118	0.750597	0.0482625	0.054961	0.719892	-0.0111574	-0.00175079	-0.0307056	0.0327168	3.51056e-05	0
0.0624909	0.0662811	0.768173	0.0498354	0.0554784	0.719393	-0.0126555	-0.0108028	-0.0487799	0.0515397	3.33194e-05	0
0.0589509	0.055035	0.746396	0.0498354	0.0554784	0.719393	-0.00911547	0.00044334	-0.0270024	0.0285029	4.68602e-05	0
0.0590789	0.0560374	0.748361	0.0485738	0.0570512	0.718918	-0.0105051	0.00101381	-0.029443	0.0312774	3.3165e-05	0
0.0595585	0.0569067	0.751474	0.0485738	0.0570512	0.718918	-0.0109848	0.000144474	-0.032556	0.0343596	3.71008e-05	0
0.0590018	0.0552298	0.746589	0.0485738	0.0570512	0.718918	-0.0104281	0.00182137	-0.0276707	0.0296265	4.65655e-05	0
0.0589848	0.05497	0.745754	0.0500443	0.0551638	0.717924	-0.00894056	0.000193822	-0.0278301	0.0292316	3.79865e-05	0
0.059274	0.05625	0.749459	0.0551412	0.0593285	0.720079	-0.0041328	0.00307851	-0.0293795	0.0298281	3.76905e-05	1
0.0589309	0.054841	0.745381	0.0490673	0.0562006	0.719226	-0.00986355	0.00135961	-0.0261546	0.0279858	3.28032e-05	0
0.061884	0.0656874	0.767799	0.0490673	0.0562006	0.719226	-0.0128166	-0.00948689	-0.0485735	0.0511239	4.08426e-05	0
0.0593818	0.0560256	0.748454	0.0506492	0.0562019	0.717773	-0.00873254	0.00017627	-0.0306804	0.0318994	3.07184e-05	0
0.0594513	0.0560323	0.74906	0.049718	0.0561121	0.719308	-0.00973331	7.97644e-05	-0.0297514	0.0313032	2.83875e-05	0
0.0620582	0.0664541	0.76768	0.049718	0.0561121	0.719308	-0.0123402	-0.010342	-0.0483716	0.0509809	3.62463e-05	0
0.0618843	0.0656949	0.767319	0.049718	0.0561121	0.719308	-0.0121663	-0.00958279	-0.0480101	0.0504462	3.92734e-05	0
0.0597695	0.0573362	0.752462	0.0549135	0.0590002	0.719226	-0.00485604	0.00166404	-0.0332363	0.0336304	3.86699e-05	1
0.0597317	0.0580543	0.753613	0.0549135	0.0590002	0.719226	-0.00481823	0.00094593	-0.0343874	0.0347362	3.97816e-05	1
0.0620619	0.0657518	0.767997	0.0504545	0.0558079	0.717689	-0.0116074	-0.00994386	-0.0503081	0.0525787	3.42459e-05	0
0.0593715	0.055925	0.748972	0.0504545	0.0558079	0.717689	-0.00891704	-0.000117141	-0.0312832	0.0325295	4.49562e-05	0
0.0591765	0.0555551	0.747425	0.0509859	0.0563907	0.717364	-0.00819057	0.000835657	-0.0300616	0.0311686	3.27212e-05	0
0.0590573	0.0554981	0.74752	0.0481614	0.0550379	0.720397	-0.0108958	-0.000460226	-0.0271227	0.0292331	3.03831e-05	0
0.0623083	0.0665581	0.769219	0.0481614	0.0550379	0.720397	-0.0141469	-0.0115202	-0.0488213	0.0521188	3.68671e-05	1
0.0624066	0.066436	0.768569	0.0481614	0.0550379	0.720397	-0.0142452	-0.0113982	-0.0481716	0.0515106	3.72679e-05	1
0.0596817	0.0565418	0.750936	0.0558629	0.0596152	0.719801	-0.00381875	0.00307344	-0.0311347	0.0315183	3.33039e-05	1
0.0594429	0.0559381	0.74877	0.0558629	0.0596152	0.719801	-0.00357993	0.0036771	-0.0289689	0.02942	3.69911e-05	0
0.0595153	0.0560552	0.748875	0.0558629	0.0596152	0.719801	-0.00365239	0.00356001	-0.0290745	0.0295185	4.37367e-05	1
0.0592956	0.0557977	0.748634	0.0544165	0.0592469	0.720272	-0.00487907	0.00344921	-0.0283614	0.028984	3.59068e-05	1
0.059344	0.05605	0.748859	0.0504817	0.0566874	0.719347	-0.00886236	0.000637375	-0.0295115	0.0308201	3.52153e-05	0
0.0624248	0.0663634	0.768762	0.0517955	0.0574926	0.71796	-0.0106293	-0.00887082	-0.0508013	0.052654	3.35688e-05	0
0.0620992	0.0662999	0.76777	0.0517955	0.0574926	0.71796	-0.0103037	-0.00880729	-0.0498098	0.0516212	3.38768e-05	0
0.059175	0.0555685	0.747371	0.0505581	0.0561792	0.718016	-0.00861693	0.000610701	-0.0293556	0.0306003	3.0576e-05	0
0.0592118	0.0555091	0.747546	0.0497733	0.0566177	0.719412	-0.00943852	0.00110864	-0.0281334	0.0296952	2.79905e-05	0
0.0619744	0.0660325	0.767509	0.0497733	0.0566177	0.719412	-0.0122011	-0.00941476	-0.048097	0.0505057	3.62974e-05	1
0.0619278	0.065599	0.76706	0.0497098	0.0559607	0.719546	-0.012218	-0.00963833	-0.0475139	0.0499975	2.41323e-05	0
0.0590022	0.0552276	0.746241	0.0497098	0.0559607	0.719546	-0.00929243	0.000733054	-0.0266958	0.0282764	3.60018e-05	1
0.0591819	0.0557655	0.747463	0.0497098	0.0559607	0.719546	-0.00947212	0.000195126	-0.0279178	0.0294815	3.73786e-05	1
0.0621132	0.0661908	0.767634	0.0497098	0.0559607	0.719546	-0.0124034	-0.0102301	-0.0480883	0.0507049	3.89523e-05	1
0.0591654	0.0559622	0.748291	0.0497098	0.0559607	0.719546	-0.00945563	-1.57101e-06	-0.0287451	0.0302603	4.4649e-05	0
0.0593682	0.055843	0.748095	0.0496467	0.0560466	0.719473	-0.00972151	0.000203642	-0.0286222	0.0302287	2.68743e-05	0
0.0591058	0.055269	0.746831	0.0496467	0.0560466	0.719473	-0.00945911	0.000777601	-0.0273582	0.0289577	3.46107e-05	0
0.0592498	0.0556935	0.74801	0.0496467	0.0560466	0.719473	-0.00960314	0.000353068	-0.0285376	0.0301121	3.63726e-05	1
0.0591633	0.0556872	0.748326	0.0496467	0.0560466	0.719473	-0.00951658	0.000359425	-0.0288537	0.0303847	4.23603e-05	0
0.0590597	0.0556985	0.74786	0.0496467	0.0560466	0.719473	-0.00941305	0.000348108	-0.0283878	0.0299098	4.99658e-05	1
0.0592552	0.056077	0.749094	0.0542542	0.0587416	0.719786	-0.00500091	0.00266462	-0.0293075	0.0298502	3.63928e-05	1
0.0618261	0.0655216	0.766852	0.0516552	0.055457	0.718866	-0.0101709	-0.0100646	-0.0479856	0.0500735	3.51528e-05	0
0.0616972	0.0658956	0.76725	0.0503208	0.0560167	0.719192	-0.0113764	-0.00987884	-0.0480578	0.0503643	3.14514e-05	0
0.0594595	0.0570864	0.750064	0.0485196	0.0547532	0.719844	-0.0109399	-0.00233321	-0.0302208	0.0322246	3.06457e-05	0
0.0594886	0.0569349	0.75073	0.0485196	0.0547532	0.719844	-0.010969	-0.0021817	-0.0308865	0.032849	3.9693e-05	0
0.0593607	0.0567038	0.750754	0.0491152	0.0551904	0.718707	-0.0102456	-0.00151332	-0.0320469	0.0336788	3.57014e-05	0
0.0594778	0.056553	0.749689	0.0544452	0.0587934	0.719707	-0.00503252	0.0022404	-0.0299812	0.0304831	3.46254e-05	1
